<?xml version="1.0" encoding="UTF-8"?>
<testng-results ignored="0" total="1" passed="1" failed="0" skipped="0">
  <reporter-output>
  </reporter-output>
  <suite started-at="2023-03-10T17:19:45 IST" name="Default suite" finished-at="2023-03-10T17:20:05 IST" duration-ms="19223">
    <groups>
    </groups>
    <test started-at="2023-03-10T17:19:45 IST" name="Default test" finished-at="2023-03-10T17:20:05 IST" duration-ms="19223">
      <class name="Test_NG.Annotations">
        <test-method is-config="true" signature="lauchbrowser()[pri:0, instance:Test_NG.Annotations@9f116cc]" started-at="2023-03-10T17:19:46 IST" name="lauchbrowser" finished-at="2023-03-10T17:19:51 IST" duration-ms="5782" status="PASS">
          <reporter-output>
          </reporter-output>
        </test-method> <!-- lauchbrowser -->
        <test-method is-config="true" signature="openapp()[pri:0, instance:Test_NG.Annotations@9f116cc]" started-at="2023-03-10T17:19:51 IST" name="openapp" finished-at="2023-03-10T17:19:54 IST" duration-ms="2395" status="PASS">
          <reporter-output>
          </reporter-output>
        </test-method> <!-- openapp -->
        <test-method signature="script()[pri:0, instance:Test_NG.Annotations@9f116cc]" started-at="2023-03-10T17:19:54 IST" name="script" finished-at="2023-03-10T17:20:00 IST" duration-ms="6260" status="PASS">
          <reporter-output>
          </reporter-output>
        </test-method> <!-- script -->
        <test-method is-config="true" signature="closeapp()[pri:0, instance:Test_NG.Annotations@9f116cc]" started-at="2023-03-10T17:20:00 IST" name="closeapp" finished-at="2023-03-10T17:20:04 IST" duration-ms="4190" status="PASS">
          <reporter-output>
          </reporter-output>
        </test-method> <!-- closeapp -->
        <test-method is-config="true" signature="closebrowser()[pri:0, instance:Test_NG.Annotations@9f116cc]" started-at="2023-03-10T17:20:04 IST" name="closebrowser" finished-at="2023-03-10T17:20:05 IST" duration-ms="537" status="PASS">
          <reporter-output>
          </reporter-output>
        </test-method> <!-- closebrowser -->
      </class> <!-- Test_NG.Annotations -->
    </test> <!-- Default test -->
  </suite> <!-- Default suite -->
</testng-results>
