<?xml version="1.0" encoding="UTF-8"?>
<testng-results ignored="0" total="1" passed="1" failed="0" skipped="0">
  <reporter-output>
  </reporter-output>
  <suite started-at="2023-03-03T17:35:15 IST" name="Default suite" finished-at="2023-03-03T17:35:25 IST" duration-ms="9364">
    <groups>
    </groups>
    <test started-at="2023-03-03T17:35:15 IST" name="Default test" finished-at="2023-03-03T17:35:25 IST" duration-ms="9364">
      <class name="Practive.FetchFromMVN">
        <test-method signature="BeforeClass()[pri:0, instance:Practive.FetchFromMVN@2f7298b]" started-at="2023-03-03T17:35:15 IST" name="BeforeClass" finished-at="2023-03-03T17:35:25 IST" duration-ms="9310" status="PASS">
          <reporter-output>
          </reporter-output>
        </test-method> <!-- BeforeClass -->
      </class> <!-- Practive.FetchFromMVN -->
    </test> <!-- Default test -->
  </suite> <!-- Default suite -->
</testng-results>
